<?xml version="1.0" encoding="UTF-8"?>
<!-- Generated by org.testng.reporters.JUnitXMLReporter -->
<testsuite hostname="PU-NB-MSIN" ignored="0" name="Altoro tests" tests="7" failures="7" timestamp="06 Aug 2018 17:15:46 GMT" time="47.03" errors="0">
  <testcase name="testAccountBalanceFromExcel" time="2.716" classname="com.automation.testcases.AltoroFirstTestCase">
    <failure type="java.lang.AssertionError" message="Welcome message did not match. expected [Hello John Smith] but found [Online Banking Login]">
      <![CDATA[java.lang.AssertionError: Welcome message did not match. expected [Hello John Smith] but found [Online Banking Login]
at com.automation.testcases.AltoroFirstTestCase.testAccountBalanceFromExcel(AltoroFirstTestCase.java:47)
at java.util.concurrent.FutureTask.run(FutureTask.java:266)
at java.util.concurrent.Executors$RunnableAdapter.call(Executors.java:511)
at java.util.concurrent.FutureTask.run(FutureTask.java:266)
at java.util.concurrent.ThreadPoolExecutor.runWorker(ThreadPoolExecutor.java:1149)
at java.util.concurrent.ThreadPoolExecutor$Worker.run(ThreadPoolExecutor.java:624)
at java.lang.Thread.run(Thread.java:748)
... Removed 14 stack frames]]>
    </failure>
  </testcase> <!-- testAccountBalanceFromExcel -->
  <testcase name="testAccountBalanceFromExcel" time="3.476" classname="com.automation.testcases.AltoroFirstTestCase">
    <failure type="java.lang.AssertionError" message="Account balance did not match. expected [3000.0] but found [-702.0]">
      <![CDATA[java.lang.AssertionError: Account balance did not match. expected [3000.0] but found [-702.0]
at com.automation.testcases.AltoroFirstTestCase.testAccountBalanceFromExcel(AltoroFirstTestCase.java:53)
at java.util.concurrent.FutureTask.run(FutureTask.java:266)
at java.util.concurrent.Executors$RunnableAdapter.call(Executors.java:511)
at java.util.concurrent.FutureTask.run(FutureTask.java:266)
at java.util.concurrent.ThreadPoolExecutor.runWorker(ThreadPoolExecutor.java:1149)
at java.util.concurrent.ThreadPoolExecutor$Worker.run(ThreadPoolExecutor.java:624)
at java.lang.Thread.run(Thread.java:748)
... Removed 13 stack frames]]>
    </failure>
  </testcase> <!-- testAccountBalanceFromExcel -->
  <testcase name="testAccountBalanceFromExcel" time="5.534" classname="com.automation.testcases.AltoroFirstTestCase">
    <failure type="java.lang.AssertionError" message="Account balance did not match. expected [-800.0] but found [2914.0]">
      <![CDATA[java.lang.AssertionError: Account balance did not match. expected [-800.0] but found [2914.0]
at com.automation.testcases.AltoroFirstTestCase.testAccountBalanceFromExcel(AltoroFirstTestCase.java:53)
at java.util.concurrent.FutureTask.run(FutureTask.java:266)
at java.util.concurrent.Executors$RunnableAdapter.call(Executors.java:511)
at java.util.concurrent.FutureTask.run(FutureTask.java:266)
at java.util.concurrent.ThreadPoolExecutor.runWorker(ThreadPoolExecutor.java:1149)
at java.util.concurrent.ThreadPoolExecutor$Worker.run(ThreadPoolExecutor.java:624)
at java.lang.Thread.run(Thread.java:748)
... Removed 13 stack frames]]>
    </failure>
  </testcase> <!-- testAccountBalanceFromExcel -->
  <testcase name="testAccountBalanceFromExcel" time="6.793" classname="com.automation.testcases.AltoroFirstTestCase">
    <failure type="java.lang.AssertionError" message="Account balance did not match. expected [300.0] but found [2914.0]">
      <![CDATA[java.lang.AssertionError: Account balance did not match. expected [300.0] but found [2914.0]
at com.automation.testcases.AltoroFirstTestCase.testAccountBalanceFromExcel(AltoroFirstTestCase.java:53)
at java.util.concurrent.FutureTask.run(FutureTask.java:266)
at java.util.concurrent.Executors$RunnableAdapter.call(Executors.java:511)
at java.util.concurrent.FutureTask.run(FutureTask.java:266)
at java.util.concurrent.ThreadPoolExecutor.runWorker(ThreadPoolExecutor.java:1149)
at java.util.concurrent.ThreadPoolExecutor$Worker.run(ThreadPoolExecutor.java:624)
at java.lang.Thread.run(Thread.java:748)
... Removed 13 stack frames]]>
    </failure>
  </testcase> <!-- testAccountBalanceFromExcel -->
  <testcase name="testAccountBalance" time="6.732" classname="com.automation.testcases.AltoroFirstTestCase">
    <failure type="java.lang.AssertionError" message="Account balance did not match. expected [-800] but found [2914]">
      <![CDATA[java.lang.AssertionError: Account balance did not match. expected [-800] but found [2914]
at com.automation.testcases.AltoroFirstTestCase.testAccountBalance(AltoroFirstTestCase.java:38)
at java.util.concurrent.ThreadPoolExecutor.runWorker(ThreadPoolExecutor.java:1149)
at java.util.concurrent.ThreadPoolExecutor$Worker.run(ThreadPoolExecutor.java:624)
at java.lang.Thread.run(Thread.java:748)
... Removed 15 stack frames]]>
    </failure>
  </testcase> <!-- testAccountBalance -->
  <testcase name="testAccountBalance" time="2.489" classname="com.automation.testcases.AltoroFirstTestCase">
    <failure type="java.lang.AssertionError" message="Account balance did not match. expected [3000] but found [-702]">
      <![CDATA[java.lang.AssertionError: Account balance did not match. expected [3000] but found [-702]
at com.automation.testcases.AltoroFirstTestCase.testAccountBalance(AltoroFirstTestCase.java:38)
at java.util.concurrent.ThreadPoolExecutor.runWorker(ThreadPoolExecutor.java:1149)
at java.util.concurrent.ThreadPoolExecutor$Worker.run(ThreadPoolExecutor.java:624)
at java.lang.Thread.run(Thread.java:748)
... Removed 15 stack frames]]>
    </failure>
  </testcase> <!-- testAccountBalance -->
  <testcase name="testAccountBalanceFromExcel" time="30.272" classname="com.automation.testcases.AltoroFirstTestCase">
    <failure type="org.openqa.selenium.NoSuchElementException" message="Unable to locate element: ONLINE BANKING LOGIN
For documentation on this error, please visit: http://seleniumhq.org/exceptions/no_such_element.html
Build info: version: &amp;apos;3.13.0&amp;apos;, revision: &amp;apos;2f0d292&amp;apos;, time: &amp;apos;2018-06-25T15:24:21.231Z&amp;apos;
System info: host: &amp;apos;PU-NB-MSIN&amp;apos;, ip: &amp;apos;10.2.252.12&amp;apos;, os.name: &amp;apos;Windows 10&amp;apos;, os.arch: &amp;apos;amd64&amp;apos;, os.version: &amp;apos;10.0&amp;apos;, java.version: &amp;apos;1.8.0_151&amp;apos;
Driver info: org.openqa.selenium.firefox.FirefoxDriver
Capabilities {acceptInsecureCerts: true, browserName: firefox, browserVersion: 61.0.1, javascriptEnabled: true, moz:accessibilityChecks: false, moz:headless: false, moz:processID: 244, moz:profile: C:\Users\masingh.DDS-NA\App..., moz:useNonSpecCompliantPointerOrigin: false, moz:webdriverClick: true, pageLoadStrategy: normal, platform: XP, platformName: XP, platformVersion: 10.0, rotatable: false, timeouts: {implicit: 0, pageLoad: 300000, script: 30000}}
Session ID: 8e90c2d3-6bc6-4862-af62-6ba455050acf
*** Element info: {Using=link text, value=ONLINE BANKING LOGIN}">
      <![CDATA[org.openqa.selenium.NoSuchElementException: Unable to locate element: ONLINE BANKING LOGIN
For documentation on this error, please visit: http://seleniumhq.org/exceptions/no_such_element.html
Build info: version: '3.13.0', revision: '2f0d292', time: '2018-06-25T15:24:21.231Z'
System info: host: 'PU-NB-MSIN', ip: '10.2.252.12', os.name: 'Windows 10', os.arch: 'amd64', os.version: '10.0', java.version: '1.8.0_151'
Driver info: org.openqa.selenium.firefox.FirefoxDriver
Capabilities {acceptInsecureCerts: true, browserName: firefox, browserVersion: 61.0.1, javascriptEnabled: true, moz:accessibilityChecks: false, moz:headless: false, moz:processID: 244, moz:profile: C:\Users\masingh.DDS-NA\App..., moz:useNonSpecCompliantPointerOrigin: false, moz:webdriverClick: true, pageLoadStrategy: normal, platform: XP, platformName: XP, platformVersion: 10.0, rotatable: false, timeouts: {implicit: 0, pageLoad: 300000, script: 30000}}
Session ID: 8e90c2d3-6bc6-4862-af62-6ba455050acf
*** Element info: {Using=link text, value=ONLINE BANKING LOGIN}
at org.openqa.selenium.remote.http.W3CHttpResponseCodec.createException(W3CHttpResponseCodec.java:187)
at org.openqa.selenium.remote.http.W3CHttpResponseCodec.decode(W3CHttpResponseCodec.java:122)
at org.openqa.selenium.remote.http.W3CHttpResponseCodec.decode(W3CHttpResponseCodec.java:49)
at org.openqa.selenium.remote.HttpCommandExecutor.execute(HttpCommandExecutor.java:158)
at org.openqa.selenium.remote.service.DriverCommandExecutor.execute(DriverCommandExecutor.java:83)
at org.openqa.selenium.remote.RemoteWebDriver.execute(RemoteWebDriver.java:548)
at org.openqa.selenium.remote.RemoteWebDriver.findElement(RemoteWebDriver.java:322)
at org.openqa.selenium.remote.RemoteWebDriver.findElementByLinkText(RemoteWebDriver.java:376)
at org.openqa.selenium.By$ByLinkText.findElement(By.java:220)
at org.openqa.selenium.remote.RemoteWebDriver.findElement(RemoteWebDriver.java:314)
at org.openqa.selenium.support.pagefactory.DefaultElementLocator.findElement(DefaultElementLocator.java:69)
at org.openqa.selenium.support.pagefactory.internal.LocatingElementHandler.invoke(LocatingElementHandler.java:38)
at com.sun.proxy.$Proxy10.click(Unknown Source)
at com.automation.pageObjects.altoro_mutual.AMHomePage.openLoginPage(AMHomePage.java:18)
at com.automation.testcases.AltoroFirstTestCase.testAccountBalanceFromExcel(AltoroFirstTestCase.java:45)
at java.util.concurrent.FutureTask.run(FutureTask.java:266)
at java.util.concurrent.Executors$RunnableAdapter.call(Executors.java:511)
at java.util.concurrent.FutureTask.run(FutureTask.java:266)
at java.util.concurrent.ThreadPoolExecutor.runWorker(ThreadPoolExecutor.java:1149)
at java.util.concurrent.ThreadPoolExecutor$Worker.run(ThreadPoolExecutor.java:624)
at java.lang.Thread.run(Thread.java:748)
... Removed 13 stack frames]]>
    </failure>
  </testcase> <!-- testAccountBalanceFromExcel -->
</testsuite> <!-- Altoro tests -->
