<!DOCTYPE html PUBLIC "-//W3C//DTD XHTML 1.1//EN" "http://www.w3.org/TR/xhtml11/DTD/xhtml11.dtd">
<html xmlns="http://www.w3.org/1999/xhtml">
<head>
<meta http-equiv="content-type" content="text/html; charset=UTF-8"/>
<title>TestNG Report</title>
<style type="text/css">table {margin-bottom:10px;border-collapse:collapse;empty-cells:show}th,td {border:1px solid #009;padding:.25em .5em}th {vertical-align:bottom}td {vertical-align:top}table a {font-weight:bold}.stripe td {background-color: #E6EBF9}.num {text-align:right}.passedodd td {background-color: #3F3}.passedeven td {background-color: #0A0}.skippedodd td {background-color: #DDD}.skippedeven td {background-color: #CCC}.failedodd td,.attn {background-color: #F33}.failedeven td,.stripe .attn {background-color: #D00}.stacktrace {white-space:pre;font-family:monospace}.totop {font-size:85%;text-align:center;border-bottom:2px solid #000}.invisible {display:none}</style>
</head>
<body>
<table>
<tr><th>Test</th><th># Passed</th><th># Skipped</th><th># Failed</th><th>Time (ms)</th><th>Included Groups</th><th>Excluded Groups</th></tr>
<tr><th colspan="7">Altoro Suite</th></tr>
<tr><td><a href="#t0">Altoro tests</a></td><td class="num">0</td><td class="num">0</td><td class="num attn">7</td><td class="num">47,030</td><td></td><td></td></tr>
</table>
<table id='summary'><thead><tr><th>Class</th><th>Method</th><th>Start</th><th>Time (ms)</th></tr></thead><tbody><tr><th colspan="4">Altoro Suite</th></tr></tbody><tbody id="t0"><tr><th colspan="4">Altoro tests &#8212; failed</th></tr><tr class="failedeven"><td rowspan="7">com.automation.testcases.AltoroFirstTestCase</td><td><a href="#m0">testAccountBalance</a></td><td rowspan="2">1533575722052</td><td rowspan="2">6732</td></tr><tr class="failedeven"><td><a href="#m1">testAccountBalance</a></td></tr><tr class="failedeven"><td><a href="#m2">testAccountBalanceFromExcel</a></td><td rowspan="5">1533575718831</td><td rowspan="5">2716</td></tr><tr class="failedeven"><td><a href="#m3">testAccountBalanceFromExcel</a></td></tr><tr class="failedeven"><td><a href="#m4">testAccountBalanceFromExcel</a></td></tr><tr class="failedeven"><td><a href="#m5">testAccountBalanceFromExcel</a></td></tr><tr class="failedeven"><td><a href="#m6">testAccountBalanceFromExcel</a></td></tr></tbody>
</table>
<h2>Altoro tests</h2><h3 id="m0">com.automation.testcases.AltoroFirstTestCase#testAccountBalance</h3><table class="result"><tr class="param"><th>Parameter #1</th><th>Parameter #2</th><th>Parameter #3</th><th>Parameter #4</th></tr><tr class="param stripe"><td>jsmith</td><td>demo1234</td><td>1001160140 Checking</td><td>-800</td></tr><tr><th colspan="4">Exception</th></tr><tr><td colspan="4"><div class="stacktrace">java.lang.AssertionError: Account balance did not match. expected [-800] but found [2914]
	at com.automation.testcases.AltoroFirstTestCase.testAccountBalance(AltoroFirstTestCase.java:38)
	at java.util.concurrent.ThreadPoolExecutor.runWorker(ThreadPoolExecutor.java:1149)
	at java.util.concurrent.ThreadPoolExecutor$Worker.run(ThreadPoolExecutor.java:624)
	at java.lang.Thread.run(Thread.java:748)
... Removed 15 stack frames</div></td></tr></table><p class="totop"><a href="#summary">back to summary</a></p>
<h3 id="m1">com.automation.testcases.AltoroFirstTestCase#testAccountBalance</h3><table class="result"><tr class="param"><th>Parameter #1</th><th>Parameter #2</th><th>Parameter #3</th><th>Parameter #4</th></tr><tr class="param stripe"><td>jsmith</td><td>demo1234</td><td>1001160141 Savings</td><td>3000</td></tr><tr><th colspan="4">Exception</th></tr><tr><td colspan="4"><div class="stacktrace">java.lang.AssertionError: Account balance did not match. expected [3000] but found [-702]
	at com.automation.testcases.AltoroFirstTestCase.testAccountBalance(AltoroFirstTestCase.java:38)
	at java.util.concurrent.ThreadPoolExecutor.runWorker(ThreadPoolExecutor.java:1149)
	at java.util.concurrent.ThreadPoolExecutor$Worker.run(ThreadPoolExecutor.java:624)
	at java.lang.Thread.run(Thread.java:748)
... Removed 15 stack frames</div></td></tr></table><p class="totop"><a href="#summary">back to summary</a></p>
<h3 id="m2">com.automation.testcases.AltoroFirstTestCase#testAccountBalanceFromExcel</h3><table class="result"><tr class="param"><th>Parameter #1</th></tr><tr class="param stripe"><td>{username=invaliduser, password=invalidpass, account=1001160140 Checking, expected balance=400.0}</td></tr><tr><th>Exception</th></tr><tr><td><div class="stacktrace">java.lang.AssertionError: Welcome message did not match. expected [Hello John Smith] but found [Online Banking Login]
	at com.automation.testcases.AltoroFirstTestCase.testAccountBalanceFromExcel(AltoroFirstTestCase.java:47)
	at java.util.concurrent.FutureTask.run(FutureTask.java:266)
	at java.util.concurrent.Executors$RunnableAdapter.call(Executors.java:511)
	at java.util.concurrent.FutureTask.run(FutureTask.java:266)
	at java.util.concurrent.ThreadPoolExecutor.runWorker(ThreadPoolExecutor.java:1149)
	at java.util.concurrent.ThreadPoolExecutor$Worker.run(ThreadPoolExecutor.java:624)
	at java.lang.Thread.run(Thread.java:748)
... Removed 14 stack frames</div></td></tr></table><p class="totop"><a href="#summary">back to summary</a></p>
<h3 id="m3">com.automation.testcases.AltoroFirstTestCase#testAccountBalanceFromExcel</h3><table class="result"><tr class="param"><th>Parameter #1</th></tr><tr class="param stripe"><td>{username=jsmith, password=demo1234, account=1001160141 Savings, expected balance=400.0}</td></tr><tr><th>Exception</th></tr><tr><td><div class="stacktrace">org.openqa.selenium.NoSuchElementException: Unable to locate element: ONLINE BANKING LOGIN
For documentation on this error, please visit: http://seleniumhq.org/exceptions/no_such_element.html
Build info: version: &apos;3.13.0&apos;, revision: &apos;2f0d292&apos;, time: &apos;2018-06-25T15:24:21.231Z&apos;
System info: host: &apos;PU-NB-MSIN&apos;, ip: &apos;10.2.252.12&apos;, os.name: &apos;Windows 10&apos;, os.arch: &apos;amd64&apos;, os.version: &apos;10.0&apos;, java.version: &apos;1.8.0_151&apos;
Driver info: org.openqa.selenium.firefox.FirefoxDriver
Capabilities {acceptInsecureCerts: true, browserName: firefox, browserVersion: 61.0.1, javascriptEnabled: true, moz:accessibilityChecks: false, moz:headless: false, moz:processID: 244, moz:profile: C:\Users\masingh.DDS-NA\App..., moz:useNonSpecCompliantPointerOrigin: false, moz:webdriverClick: true, pageLoadStrategy: normal, platform: XP, platformName: XP, platformVersion: 10.0, rotatable: false, timeouts: {implicit: 0, pageLoad: 300000, script: 30000}}
Session ID: 8e90c2d3-6bc6-4862-af62-6ba455050acf
*** Element info: {Using=link text, value=ONLINE BANKING LOGIN}
	at org.openqa.selenium.remote.http.W3CHttpResponseCodec.createException(W3CHttpResponseCodec.java:187)
	at org.openqa.selenium.remote.http.W3CHttpResponseCodec.decode(W3CHttpResponseCodec.java:122)
	at org.openqa.selenium.remote.http.W3CHttpResponseCodec.decode(W3CHttpResponseCodec.java:49)
	at org.openqa.selenium.remote.HttpCommandExecutor.execute(HttpCommandExecutor.java:158)
	at org.openqa.selenium.remote.service.DriverCommandExecutor.execute(DriverCommandExecutor.java:83)
	at org.openqa.selenium.remote.RemoteWebDriver.execute(RemoteWebDriver.java:548)
	at org.openqa.selenium.remote.RemoteWebDriver.findElement(RemoteWebDriver.java:322)
	at org.openqa.selenium.remote.RemoteWebDriver.findElementByLinkText(RemoteWebDriver.java:376)
	at org.openqa.selenium.By$ByLinkText.findElement(By.java:220)
	at org.openqa.selenium.remote.RemoteWebDriver.findElement(RemoteWebDriver.java:314)
	at org.openqa.selenium.support.pagefactory.DefaultElementLocator.findElement(DefaultElementLocator.java:69)
	at org.openqa.selenium.support.pagefactory.internal.LocatingElementHandler.invoke(LocatingElementHandler.java:38)
	at com.sun.proxy.$Proxy10.click(Unknown Source)
	at com.automation.pageObjects.altoro_mutual.AMHomePage.openLoginPage(AMHomePage.java:18)
	at com.automation.testcases.AltoroFirstTestCase.testAccountBalanceFromExcel(AltoroFirstTestCase.java:45)
	at java.util.concurrent.FutureTask.run(FutureTask.java:266)
	at java.util.concurrent.Executors$RunnableAdapter.call(Executors.java:511)
	at java.util.concurrent.FutureTask.run(FutureTask.java:266)
	at java.util.concurrent.ThreadPoolExecutor.runWorker(ThreadPoolExecutor.java:1149)
	at java.util.concurrent.ThreadPoolExecutor$Worker.run(ThreadPoolExecutor.java:624)
	at java.lang.Thread.run(Thread.java:748)
... Removed 13 stack frames</div></td></tr></table><p class="totop"><a href="#summary">back to summary</a></p>
<h3 id="m4">com.automation.testcases.AltoroFirstTestCase#testAccountBalanceFromExcel</h3><table class="result"><tr class="param"><th>Parameter #1</th></tr><tr class="param stripe"><td>{username=jsmith, password=demo1234, account=1001160141 Savings, expected balance=3000.0}</td></tr><tr><th>Exception</th></tr><tr><td><div class="stacktrace">java.lang.AssertionError: Account balance did not match. expected [3000.0] but found [-702.0]
	at com.automation.testcases.AltoroFirstTestCase.testAccountBalanceFromExcel(AltoroFirstTestCase.java:53)
	at java.util.concurrent.FutureTask.run(FutureTask.java:266)
	at java.util.concurrent.Executors$RunnableAdapter.call(Executors.java:511)
	at java.util.concurrent.FutureTask.run(FutureTask.java:266)
	at java.util.concurrent.ThreadPoolExecutor.runWorker(ThreadPoolExecutor.java:1149)
	at java.util.concurrent.ThreadPoolExecutor$Worker.run(ThreadPoolExecutor.java:624)
	at java.lang.Thread.run(Thread.java:748)
... Removed 13 stack frames</div></td></tr></table><p class="totop"><a href="#summary">back to summary</a></p>
<h3 id="m5">com.automation.testcases.AltoroFirstTestCase#testAccountBalanceFromExcel</h3><table class="result"><tr class="param"><th>Parameter #1</th></tr><tr class="param stripe"><td>{username=jsmith, password=demo1234, account=1001160140 Checking, expected balance=300.0}</td></tr><tr><th>Exception</th></tr><tr><td><div class="stacktrace">java.lang.AssertionError: Account balance did not match. expected [300.0] but found [2914.0]
	at com.automation.testcases.AltoroFirstTestCase.testAccountBalanceFromExcel(AltoroFirstTestCase.java:53)
	at java.util.concurrent.FutureTask.run(FutureTask.java:266)
	at java.util.concurrent.Executors$RunnableAdapter.call(Executors.java:511)
	at java.util.concurrent.FutureTask.run(FutureTask.java:266)
	at java.util.concurrent.ThreadPoolExecutor.runWorker(ThreadPoolExecutor.java:1149)
	at java.util.concurrent.ThreadPoolExecutor$Worker.run(ThreadPoolExecutor.java:624)
	at java.lang.Thread.run(Thread.java:748)
... Removed 13 stack frames</div></td></tr></table><p class="totop"><a href="#summary">back to summary</a></p>
<h3 id="m6">com.automation.testcases.AltoroFirstTestCase#testAccountBalanceFromExcel</h3><table class="result"><tr class="param"><th>Parameter #1</th></tr><tr class="param stripe"><td>{username=jsmith, password=demo1234, account=1001160140 Checking, expected balance=-800.0}</td></tr><tr><th>Exception</th></tr><tr><td><div class="stacktrace">java.lang.AssertionError: Account balance did not match. expected [-800.0] but found [2914.0]
	at com.automation.testcases.AltoroFirstTestCase.testAccountBalanceFromExcel(AltoroFirstTestCase.java:53)
	at java.util.concurrent.FutureTask.run(FutureTask.java:266)
	at java.util.concurrent.Executors$RunnableAdapter.call(Executors.java:511)
	at java.util.concurrent.FutureTask.run(FutureTask.java:266)
	at java.util.concurrent.ThreadPoolExecutor.runWorker(ThreadPoolExecutor.java:1149)
	at java.util.concurrent.ThreadPoolExecutor$Worker.run(ThreadPoolExecutor.java:624)
	at java.lang.Thread.run(Thread.java:748)
... Removed 13 stack frames</div></td></tr></table><p class="totop"><a href="#summary">back to summary</a></p>
</body>
</html>
