<?xml version="1.0" encoding="UTF-8"?>
<testng-results skipped="0" failed="7" ignored="0" total="7" passed="0">
  <reporter-output>
  </reporter-output>
  <suite name="Altoro Suite" duration-ms="47030" started-at="2018-08-06T17:14:59Z" finished-at="2018-08-06T17:15:46Z">
    <groups>
    </groups>
    <test name="Altoro tests" duration-ms="47030" started-at="2018-08-06T17:14:59Z" finished-at="2018-08-06T17:15:46Z">
      <class name="com.automation.testcases.AltoroFirstTestCase">
        <test-method status="PASS" signature="beforeMethod()[pri:0, instance:com.automation.testcases.AltoroFirstTestCase@6b09bb57]" name="beforeMethod" is-config="true" duration-ms="15525" started-at="2018-08-06T17:14:59Z" finished-at="2018-08-06T17:15:15Z">
          <reporter-output>
          </reporter-output>
        </test-method> <!-- beforeMethod -->
        <test-method status="PASS" signature="beforeMethod()[pri:0, instance:com.automation.testcases.AltoroFirstTestCase@6b09bb57]" name="beforeMethod" is-config="true" duration-ms="18333" started-at="2018-08-06T17:15:01Z" finished-at="2018-08-06T17:15:19Z">
          <reporter-output>
          </reporter-output>
        </test-method> <!-- beforeMethod -->
        <test-method status="PASS" signature="beforeMethod()[pri:0, instance:com.automation.testcases.AltoroFirstTestCase@6b09bb57]" name="beforeMethod" is-config="true" duration-ms="12307" started-at="2018-08-06T17:15:01Z" finished-at="2018-08-06T17:15:13Z">
          <reporter-output>
          </reporter-output>
        </test-method> <!-- beforeMethod -->
        <test-method status="PASS" signature="beforeMethod()[pri:0, instance:com.automation.testcases.AltoroFirstTestCase@6b09bb57]" name="beforeMethod" is-config="true" duration-ms="17041" started-at="2018-08-06T17:15:01Z" finished-at="2018-08-06T17:15:18Z">
          <reporter-output>
          </reporter-output>
        </test-method> <!-- beforeMethod -->
        <test-method status="PASS" signature="beforeMethod()[pri:0, instance:com.automation.testcases.AltoroFirstTestCase@6b09bb57]" name="beforeMethod" is-config="true" duration-ms="13397" started-at="2018-08-06T17:15:01Z" finished-at="2018-08-06T17:15:14Z">
          <reporter-output>
          </reporter-output>
        </test-method> <!-- beforeMethod -->
        <test-method status="PASS" signature="beforeMethod()[pri:0, instance:com.automation.testcases.AltoroFirstTestCase@6b09bb57]" name="beforeMethod" is-config="true" duration-ms="13731" started-at="2018-08-06T17:15:01Z" finished-at="2018-08-06T17:15:14Z">
          <reporter-output>
          </reporter-output>
        </test-method> <!-- beforeMethod -->
        <test-method status="PASS" signature="openAMHomePage()[pri:0, instance:com.automation.testcases.AltoroFirstTestCase@6b09bb57]" name="openAMHomePage" is-config="true" duration-ms="1573" started-at="2018-08-06T17:15:13Z" finished-at="2018-08-06T17:15:14Z">
          <reporter-output>
          </reporter-output>
        </test-method> <!-- openAMHomePage -->
        <test-method status="PASS" signature="openAMHomePage()[pri:0, instance:com.automation.testcases.AltoroFirstTestCase@6b09bb57]" name="openAMHomePage" is-config="true" duration-ms="4381" started-at="2018-08-06T17:15:14Z" finished-at="2018-08-06T17:15:18Z">
          <reporter-output>
          </reporter-output>
        </test-method> <!-- openAMHomePage -->
        <test-method status="PASS" signature="openAMHomePage()[pri:0, instance:com.automation.testcases.AltoroFirstTestCase@6b09bb57]" name="openAMHomePage" is-config="true" duration-ms="4815" started-at="2018-08-06T17:15:14Z" finished-at="2018-08-06T17:15:19Z">
          <reporter-output>
          </reporter-output>
        </test-method> <!-- openAMHomePage -->
        <test-method status="FAIL" signature="testAccountBalanceFromExcel(java.util.Map)[pri:0, instance:com.automation.testcases.AltoroFirstTestCase@6b09bb57]" name="testAccountBalanceFromExcel" duration-ms="30272" started-at="2018-08-06T17:15:14Z" data-provider="dpMapUnamePassAccExpBal" finished-at="2018-08-06T17:15:45Z">
          <params>
            <param index="0">
              <value>
                <![CDATA[{username=jsmith, password=demo1234, account=1001160141 Savings, expected balance=400.0}]]>
              </value>
            </param>
          </params>
          <exception class="org.openqa.selenium.NoSuchElementException">
            <message>
              <![CDATA[Unable to locate element: ONLINE BANKING LOGIN
For documentation on this error, please visit: http://seleniumhq.org/exceptions/no_such_element.html
Build info: version: '3.13.0', revision: '2f0d292', time: '2018-06-25T15:24:21.231Z'
System info: host: 'PU-NB-MSIN', ip: '10.2.252.12', os.name: 'Windows 10', os.arch: 'amd64', os.version: '10.0', java.version: '1.8.0_151'
Driver info: org.openqa.selenium.firefox.FirefoxDriver
Capabilities {acceptInsecureCerts: true, browserName: firefox, browserVersion: 61.0.1, javascriptEnabled: true, moz:accessibilityChecks: false, moz:headless: false, moz:processID: 244, moz:profile: C:\Users\masingh.DDS-NA\App..., moz:useNonSpecCompliantPointerOrigin: false, moz:webdriverClick: true, pageLoadStrategy: normal, platform: XP, platformName: XP, platformVersion: 10.0, rotatable: false, timeouts: {implicit: 0, pageLoad: 300000, script: 30000}}
Session ID: 8e90c2d3-6bc6-4862-af62-6ba455050acf
*** Element info: {Using=link text, value=ONLINE BANKING LOGIN}]]>
            </message>
            <full-stacktrace>
              <![CDATA[org.openqa.selenium.NoSuchElementException: Unable to locate element: ONLINE BANKING LOGIN
For documentation on this error, please visit: http://seleniumhq.org/exceptions/no_such_element.html
Build info: version: '3.13.0', revision: '2f0d292', time: '2018-06-25T15:24:21.231Z'
System info: host: 'PU-NB-MSIN', ip: '10.2.252.12', os.name: 'Windows 10', os.arch: 'amd64', os.version: '10.0', java.version: '1.8.0_151'
Driver info: org.openqa.selenium.firefox.FirefoxDriver
Capabilities {acceptInsecureCerts: true, browserName: firefox, browserVersion: 61.0.1, javascriptEnabled: true, moz:accessibilityChecks: false, moz:headless: false, moz:processID: 244, moz:profile: C:\Users\masingh.DDS-NA\App..., moz:useNonSpecCompliantPointerOrigin: false, moz:webdriverClick: true, pageLoadStrategy: normal, platform: XP, platformName: XP, platformVersion: 10.0, rotatable: false, timeouts: {implicit: 0, pageLoad: 300000, script: 30000}}
Session ID: 8e90c2d3-6bc6-4862-af62-6ba455050acf
*** Element info: {Using=link text, value=ONLINE BANKING LOGIN}
at sun.reflect.NativeConstructorAccessorImpl.newInstance0(Native Method)
at sun.reflect.NativeConstructorAccessorImpl.newInstance(NativeConstructorAccessorImpl.java:62)
at sun.reflect.DelegatingConstructorAccessorImpl.newInstance(DelegatingConstructorAccessorImpl.java:45)
at java.lang.reflect.Constructor.newInstance(Constructor.java:423)
at org.openqa.selenium.remote.http.W3CHttpResponseCodec.createException(W3CHttpResponseCodec.java:187)
at org.openqa.selenium.remote.http.W3CHttpResponseCodec.decode(W3CHttpResponseCodec.java:122)
at org.openqa.selenium.remote.http.W3CHttpResponseCodec.decode(W3CHttpResponseCodec.java:49)
at org.openqa.selenium.remote.HttpCommandExecutor.execute(HttpCommandExecutor.java:158)
at org.openqa.selenium.remote.service.DriverCommandExecutor.execute(DriverCommandExecutor.java:83)
at org.openqa.selenium.remote.RemoteWebDriver.execute(RemoteWebDriver.java:548)
at org.openqa.selenium.remote.RemoteWebDriver.findElement(RemoteWebDriver.java:322)
at org.openqa.selenium.remote.RemoteWebDriver.findElementByLinkText(RemoteWebDriver.java:376)
at org.openqa.selenium.By$ByLinkText.findElement(By.java:220)
at org.openqa.selenium.remote.RemoteWebDriver.findElement(RemoteWebDriver.java:314)
at org.openqa.selenium.support.pagefactory.DefaultElementLocator.findElement(DefaultElementLocator.java:69)
at org.openqa.selenium.support.pagefactory.internal.LocatingElementHandler.invoke(LocatingElementHandler.java:38)
at com.sun.proxy.$Proxy10.click(Unknown Source)
at com.automation.pageObjects.altoro_mutual.AMHomePage.openLoginPage(AMHomePage.java:18)
at com.automation.testcases.AltoroFirstTestCase.testAccountBalanceFromExcel(AltoroFirstTestCase.java:45)
at sun.reflect.NativeMethodAccessorImpl.invoke0(Native Method)
at sun.reflect.NativeMethodAccessorImpl.invoke(NativeMethodAccessorImpl.java:62)
at sun.reflect.DelegatingMethodAccessorImpl.invoke(DelegatingMethodAccessorImpl.java:43)
at java.lang.reflect.Method.invoke(Method.java:498)
at org.testng.internal.MethodInvocationHelper.invokeMethod(MethodInvocationHelper.java:124)
at org.testng.internal.Invoker.invokeMethod(Invoker.java:583)
at org.testng.internal.Invoker.invokeTestMethod(Invoker.java:719)
at org.testng.internal.TestMethodWithDataProviderMethodWorker.call(TestMethodWithDataProviderMethodWorker.java:71)
at org.testng.internal.TestMethodWithDataProviderMethodWorker.call(TestMethodWithDataProviderMethodWorker.java:14)
at java.util.concurrent.FutureTask.run(FutureTask.java:266)
at java.util.concurrent.Executors$RunnableAdapter.call(Executors.java:511)
at java.util.concurrent.FutureTask.run(FutureTask.java:266)
at java.util.concurrent.ThreadPoolExecutor.runWorker(ThreadPoolExecutor.java:1149)
at java.util.concurrent.ThreadPoolExecutor$Worker.run(ThreadPoolExecutor.java:624)
at java.lang.Thread.run(Thread.java:748)
]]>
            </full-stacktrace>
          </exception> <!-- org.openqa.selenium.NoSuchElementException -->
          <reporter-output>
          </reporter-output>
        </test-method> <!-- testAccountBalanceFromExcel -->
        <test-method status="PASS" signature="openAMHomePage()[pri:0, instance:com.automation.testcases.AltoroFirstTestCase@6b09bb57]" name="openAMHomePage" is-config="true" duration-ms="6866" started-at="2018-08-06T17:15:15Z" finished-at="2018-08-06T17:15:22Z">
          <reporter-output>
          </reporter-output>
        </test-method> <!-- openAMHomePage -->
        <test-method status="PASS" signature="openAMHomePage()[pri:0, instance:com.automation.testcases.AltoroFirstTestCase@6b09bb57]" name="openAMHomePage" is-config="true" duration-ms="2315" started-at="2018-08-06T17:15:18Z" finished-at="2018-08-06T17:15:20Z">
          <reporter-output>
          </reporter-output>
        </test-method> <!-- openAMHomePage -->
        <test-method status="FAIL" signature="testAccountBalanceFromExcel(java.util.Map)[pri:0, instance:com.automation.testcases.AltoroFirstTestCase@6b09bb57]" name="testAccountBalanceFromExcel" duration-ms="2716" started-at="2018-08-06T17:15:18Z" data-provider="dpMapUnamePassAccExpBal" finished-at="2018-08-06T17:15:21Z">
          <params>
            <param index="0">
              <value>
                <![CDATA[{username=invaliduser, password=invalidpass, account=1001160140 Checking, expected balance=400.0}]]>
              </value>
            </param>
          </params>
          <exception class="java.lang.AssertionError">
            <message>
              <![CDATA[Welcome message did not match. expected [Hello John Smith] but found [Online Banking Login]]]>
            </message>
            <full-stacktrace>
              <![CDATA[java.lang.AssertionError: Welcome message did not match. expected [Hello John Smith] but found [Online Banking Login]
at org.testng.Assert.fail(Assert.java:96)
at org.testng.Assert.failNotEquals(Assert.java:776)
at org.testng.Assert.assertEqualsImpl(Assert.java:137)
at org.testng.Assert.assertEquals(Assert.java:118)
at org.testng.Assert.assertEquals(Assert.java:453)
at com.automation.testcases.AltoroFirstTestCase.testAccountBalanceFromExcel(AltoroFirstTestCase.java:47)
at sun.reflect.NativeMethodAccessorImpl.invoke0(Native Method)
at sun.reflect.NativeMethodAccessorImpl.invoke(NativeMethodAccessorImpl.java:62)
at sun.reflect.DelegatingMethodAccessorImpl.invoke(DelegatingMethodAccessorImpl.java:43)
at java.lang.reflect.Method.invoke(Method.java:498)
at org.testng.internal.MethodInvocationHelper.invokeMethod(MethodInvocationHelper.java:124)
at org.testng.internal.Invoker.invokeMethod(Invoker.java:583)
at org.testng.internal.Invoker.invokeTestMethod(Invoker.java:719)
at org.testng.internal.TestMethodWithDataProviderMethodWorker.call(TestMethodWithDataProviderMethodWorker.java:71)
at org.testng.internal.TestMethodWithDataProviderMethodWorker.call(TestMethodWithDataProviderMethodWorker.java:14)
at java.util.concurrent.FutureTask.run(FutureTask.java:266)
at java.util.concurrent.Executors$RunnableAdapter.call(Executors.java:511)
at java.util.concurrent.FutureTask.run(FutureTask.java:266)
at java.util.concurrent.ThreadPoolExecutor.runWorker(ThreadPoolExecutor.java:1149)
at java.util.concurrent.ThreadPoolExecutor$Worker.run(ThreadPoolExecutor.java:624)
at java.lang.Thread.run(Thread.java:748)
]]>
            </full-stacktrace>
          </exception> <!-- java.lang.AssertionError -->
          <reporter-output>
          </reporter-output>
        </test-method> <!-- testAccountBalanceFromExcel -->
        <test-method status="PASS" signature="openAMHomePage()[pri:0, instance:com.automation.testcases.AltoroFirstTestCase@6b09bb57]" name="openAMHomePage" is-config="true" duration-ms="2612" started-at="2018-08-06T17:15:19Z" finished-at="2018-08-06T17:15:21Z">
          <reporter-output>
          </reporter-output>
        </test-method> <!-- openAMHomePage -->
        <test-method status="FAIL" signature="testAccountBalanceFromExcel(java.util.Map)[pri:0, instance:com.automation.testcases.AltoroFirstTestCase@6b09bb57]" name="testAccountBalanceFromExcel" duration-ms="3476" started-at="2018-08-06T17:15:19Z" data-provider="dpMapUnamePassAccExpBal" finished-at="2018-08-06T17:15:23Z">
          <params>
            <param index="0">
              <value>
                <![CDATA[{username=jsmith, password=demo1234, account=1001160141 Savings, expected balance=3000.0}]]>
              </value>
            </param>
          </params>
          <exception class="java.lang.AssertionError">
            <message>
              <![CDATA[Account balance did not match. expected [3000.0] but found [-702.0]]]>
            </message>
            <full-stacktrace>
              <![CDATA[java.lang.AssertionError: Account balance did not match. expected [3000.0] but found [-702.0]
at org.testng.Assert.fail(Assert.java:96)
at org.testng.Assert.failNotEquals(Assert.java:776)
at org.testng.Assert.assertEqualsImpl(Assert.java:137)
at org.testng.Assert.assertEquals(Assert.java:118)
at com.automation.testcases.AltoroFirstTestCase.testAccountBalanceFromExcel(AltoroFirstTestCase.java:53)
at sun.reflect.NativeMethodAccessorImpl.invoke0(Native Method)
at sun.reflect.NativeMethodAccessorImpl.invoke(NativeMethodAccessorImpl.java:62)
at sun.reflect.DelegatingMethodAccessorImpl.invoke(DelegatingMethodAccessorImpl.java:43)
at java.lang.reflect.Method.invoke(Method.java:498)
at org.testng.internal.MethodInvocationHelper.invokeMethod(MethodInvocationHelper.java:124)
at org.testng.internal.Invoker.invokeMethod(Invoker.java:583)
at org.testng.internal.Invoker.invokeTestMethod(Invoker.java:719)
at org.testng.internal.TestMethodWithDataProviderMethodWorker.call(TestMethodWithDataProviderMethodWorker.java:71)
at org.testng.internal.TestMethodWithDataProviderMethodWorker.call(TestMethodWithDataProviderMethodWorker.java:14)
at java.util.concurrent.FutureTask.run(FutureTask.java:266)
at java.util.concurrent.Executors$RunnableAdapter.call(Executors.java:511)
at java.util.concurrent.FutureTask.run(FutureTask.java:266)
at java.util.concurrent.ThreadPoolExecutor.runWorker(ThreadPoolExecutor.java:1149)
at java.util.concurrent.ThreadPoolExecutor$Worker.run(ThreadPoolExecutor.java:624)
at java.lang.Thread.run(Thread.java:748)
]]>
            </full-stacktrace>
          </exception> <!-- java.lang.AssertionError -->
          <reporter-output>
          </reporter-output>
        </test-method> <!-- testAccountBalanceFromExcel -->
        <test-method status="FAIL" signature="testAccountBalanceFromExcel(java.util.Map)[pri:0, instance:com.automation.testcases.AltoroFirstTestCase@6b09bb57]" name="testAccountBalanceFromExcel" duration-ms="5534" started-at="2018-08-06T17:15:20Z" data-provider="dpMapUnamePassAccExpBal" finished-at="2018-08-06T17:15:25Z">
          <params>
            <param index="0">
              <value>
                <![CDATA[{username=jsmith, password=demo1234, account=1001160140 Checking, expected balance=-800.0}]]>
              </value>
            </param>
          </params>
          <exception class="java.lang.AssertionError">
            <message>
              <![CDATA[Account balance did not match. expected [-800.0] but found [2914.0]]]>
            </message>
            <full-stacktrace>
              <![CDATA[java.lang.AssertionError: Account balance did not match. expected [-800.0] but found [2914.0]
at org.testng.Assert.fail(Assert.java:96)
at org.testng.Assert.failNotEquals(Assert.java:776)
at org.testng.Assert.assertEqualsImpl(Assert.java:137)
at org.testng.Assert.assertEquals(Assert.java:118)
at com.automation.testcases.AltoroFirstTestCase.testAccountBalanceFromExcel(AltoroFirstTestCase.java:53)
at sun.reflect.NativeMethodAccessorImpl.invoke0(Native Method)
at sun.reflect.NativeMethodAccessorImpl.invoke(NativeMethodAccessorImpl.java:62)
at sun.reflect.DelegatingMethodAccessorImpl.invoke(DelegatingMethodAccessorImpl.java:43)
at java.lang.reflect.Method.invoke(Method.java:498)
at org.testng.internal.MethodInvocationHelper.invokeMethod(MethodInvocationHelper.java:124)
at org.testng.internal.Invoker.invokeMethod(Invoker.java:583)
at org.testng.internal.Invoker.invokeTestMethod(Invoker.java:719)
at org.testng.internal.TestMethodWithDataProviderMethodWorker.call(TestMethodWithDataProviderMethodWorker.java:71)
at org.testng.internal.TestMethodWithDataProviderMethodWorker.call(TestMethodWithDataProviderMethodWorker.java:14)
at java.util.concurrent.FutureTask.run(FutureTask.java:266)
at java.util.concurrent.Executors$RunnableAdapter.call(Executors.java:511)
at java.util.concurrent.FutureTask.run(FutureTask.java:266)
at java.util.concurrent.ThreadPoolExecutor.runWorker(ThreadPoolExecutor.java:1149)
at java.util.concurrent.ThreadPoolExecutor$Worker.run(ThreadPoolExecutor.java:624)
at java.lang.Thread.run(Thread.java:748)
]]>
            </full-stacktrace>
          </exception> <!-- java.lang.AssertionError -->
          <reporter-output>
          </reporter-output>
        </test-method> <!-- testAccountBalanceFromExcel -->
        <test-method status="PASS" signature="collectReport(org.testng.ITestResult)[pri:0, instance:com.automation.testcases.AltoroFirstTestCase@6b09bb57]" name="collectReport" is-config="true" duration-ms="3" started-at="2018-08-06T17:15:21Z" finished-at="2018-08-06T17:15:21Z">
          <params>
            <param index="0">
              <value>
                <![CDATA[[TestResult name=testAccountBalanceFromExcel status=FAILURE method=AltoroFirstTestCase.testAccountBalanceFromExcel(java.util.Map)[pri:0, instance:com.automation.testcases.AltoroFirstTestCase@6b09bb57] output={null}]]]>
              </value>
            </param>
          </params>
          <reporter-output>
          </reporter-output>
        </test-method> <!-- collectReport -->
        <test-method status="PASS" signature="tearDown()[pri:0, instance:com.automation.testcases.AltoroFirstTestCase@6b09bb57]" name="tearDown" is-config="true" duration-ms="3247" started-at="2018-08-06T17:15:21Z" finished-at="2018-08-06T17:15:24Z">
          <reporter-output>
          </reporter-output>
        </test-method> <!-- tearDown -->
        <test-method status="FAIL" signature="testAccountBalanceFromExcel(java.util.Map)[pri:0, instance:com.automation.testcases.AltoroFirstTestCase@6b09bb57]" name="testAccountBalanceFromExcel" duration-ms="6793" started-at="2018-08-06T17:15:21Z" data-provider="dpMapUnamePassAccExpBal" finished-at="2018-08-06T17:15:28Z">
          <params>
            <param index="0">
              <value>
                <![CDATA[{username=jsmith, password=demo1234, account=1001160140 Checking, expected balance=300.0}]]>
              </value>
            </param>
          </params>
          <exception class="java.lang.AssertionError">
            <message>
              <![CDATA[Account balance did not match. expected [300.0] but found [2914.0]]]>
            </message>
            <full-stacktrace>
              <![CDATA[java.lang.AssertionError: Account balance did not match. expected [300.0] but found [2914.0]
at org.testng.Assert.fail(Assert.java:96)
at org.testng.Assert.failNotEquals(Assert.java:776)
at org.testng.Assert.assertEqualsImpl(Assert.java:137)
at org.testng.Assert.assertEquals(Assert.java:118)
at com.automation.testcases.AltoroFirstTestCase.testAccountBalanceFromExcel(AltoroFirstTestCase.java:53)
at sun.reflect.NativeMethodAccessorImpl.invoke0(Native Method)
at sun.reflect.NativeMethodAccessorImpl.invoke(NativeMethodAccessorImpl.java:62)
at sun.reflect.DelegatingMethodAccessorImpl.invoke(DelegatingMethodAccessorImpl.java:43)
at java.lang.reflect.Method.invoke(Method.java:498)
at org.testng.internal.MethodInvocationHelper.invokeMethod(MethodInvocationHelper.java:124)
at org.testng.internal.Invoker.invokeMethod(Invoker.java:583)
at org.testng.internal.Invoker.invokeTestMethod(Invoker.java:719)
at org.testng.internal.TestMethodWithDataProviderMethodWorker.call(TestMethodWithDataProviderMethodWorker.java:71)
at org.testng.internal.TestMethodWithDataProviderMethodWorker.call(TestMethodWithDataProviderMethodWorker.java:14)
at java.util.concurrent.FutureTask.run(FutureTask.java:266)
at java.util.concurrent.Executors$RunnableAdapter.call(Executors.java:511)
at java.util.concurrent.FutureTask.run(FutureTask.java:266)
at java.util.concurrent.ThreadPoolExecutor.runWorker(ThreadPoolExecutor.java:1149)
at java.util.concurrent.ThreadPoolExecutor$Worker.run(ThreadPoolExecutor.java:624)
at java.lang.Thread.run(Thread.java:748)
]]>
            </full-stacktrace>
          </exception> <!-- java.lang.AssertionError -->
          <reporter-output>
          </reporter-output>
        </test-method> <!-- testAccountBalanceFromExcel -->
        <test-method status="FAIL" signature="testAccountBalance(java.lang.String, java.lang.String, java.lang.String, java.lang.String)[pri:0, instance:com.automation.testcases.AltoroFirstTestCase@6b09bb57]" name="testAccountBalance" duration-ms="6732" started-at="2018-08-06T17:15:22Z" data-provider="dpUnamePassAccExpBal" finished-at="2018-08-06T17:15:28Z">
          <params>
            <param index="0">
              <value>
                <![CDATA[jsmith]]>
              </value>
            </param>
            <param index="1">
              <value>
                <![CDATA[demo1234]]>
              </value>
            </param>
            <param index="2">
              <value>
                <![CDATA[1001160140 Checking]]>
              </value>
            </param>
            <param index="3">
              <value>
                <![CDATA[-800]]>
              </value>
            </param>
          </params>
          <exception class="java.lang.AssertionError">
            <message>
              <![CDATA[Account balance did not match. expected [-800] but found [2914]]]>
            </message>
            <full-stacktrace>
              <![CDATA[java.lang.AssertionError: Account balance did not match. expected [-800] but found [2914]
at org.testng.Assert.fail(Assert.java:96)
at org.testng.Assert.failNotEquals(Assert.java:776)
at org.testng.Assert.assertEqualsImpl(Assert.java:137)
at org.testng.Assert.assertEquals(Assert.java:118)
at org.testng.Assert.assertEquals(Assert.java:453)
at com.automation.testcases.AltoroFirstTestCase.testAccountBalance(AltoroFirstTestCase.java:38)
at sun.reflect.NativeMethodAccessorImpl.invoke0(Native Method)
at sun.reflect.NativeMethodAccessorImpl.invoke(NativeMethodAccessorImpl.java:62)
at sun.reflect.DelegatingMethodAccessorImpl.invoke(DelegatingMethodAccessorImpl.java:43)
at java.lang.reflect.Method.invoke(Method.java:498)
at org.testng.internal.MethodInvocationHelper.invokeMethod(MethodInvocationHelper.java:124)
at org.testng.internal.Invoker.invokeMethod(Invoker.java:583)
at org.testng.internal.Invoker.invokeTestMethod(Invoker.java:719)
at org.testng.internal.Invoker.invokeTestMethods(Invoker.java:989)
at org.testng.internal.TestMethodWorker.invokeTestMethods(TestMethodWorker.java:125)
at org.testng.internal.TestMethodWorker.run(TestMethodWorker.java:109)
at java.util.concurrent.ThreadPoolExecutor.runWorker(ThreadPoolExecutor.java:1149)
at java.util.concurrent.ThreadPoolExecutor$Worker.run(ThreadPoolExecutor.java:624)
at java.lang.Thread.run(Thread.java:748)
]]>
            </full-stacktrace>
          </exception> <!-- java.lang.AssertionError -->
          <reporter-output>
          </reporter-output>
        </test-method> <!-- testAccountBalance -->
        <test-method status="PASS" signature="collectReport(org.testng.ITestResult)[pri:0, instance:com.automation.testcases.AltoroFirstTestCase@6b09bb57]" name="collectReport" is-config="true" duration-ms="0" started-at="2018-08-06T17:15:23Z" finished-at="2018-08-06T17:15:23Z">
          <params>
            <param index="0">
              <value>
                <![CDATA[[TestResult name=testAccountBalanceFromExcel status=FAILURE method=AltoroFirstTestCase.testAccountBalanceFromExcel(java.util.Map)[pri:0, instance:com.automation.testcases.AltoroFirstTestCase@6b09bb57] output={null}]]]>
              </value>
            </param>
          </params>
          <reporter-output>
          </reporter-output>
        </test-method> <!-- collectReport -->
        <test-method status="PASS" signature="tearDown()[pri:0, instance:com.automation.testcases.AltoroFirstTestCase@6b09bb57]" name="tearDown" is-config="true" duration-ms="2585" started-at="2018-08-06T17:15:23Z" finished-at="2018-08-06T17:15:25Z">
          <reporter-output>
          </reporter-output>
        </test-method> <!-- tearDown -->
        <test-method status="PASS" signature="collectReport(org.testng.ITestResult)[pri:0, instance:com.automation.testcases.AltoroFirstTestCase@6b09bb57]" name="collectReport" is-config="true" duration-ms="1" started-at="2018-08-06T17:15:25Z" finished-at="2018-08-06T17:15:25Z">
          <params>
            <param index="0">
              <value>
                <![CDATA[[TestResult name=testAccountBalanceFromExcel status=FAILURE method=AltoroFirstTestCase.testAccountBalanceFromExcel(java.util.Map)[pri:0, instance:com.automation.testcases.AltoroFirstTestCase@6b09bb57] output={null}]]]>
              </value>
            </param>
          </params>
          <reporter-output>
          </reporter-output>
        </test-method> <!-- collectReport -->
        <test-method status="PASS" signature="tearDown()[pri:0, instance:com.automation.testcases.AltoroFirstTestCase@6b09bb57]" name="tearDown" is-config="true" duration-ms="1648" started-at="2018-08-06T17:15:25Z" finished-at="2018-08-06T17:15:27Z">
          <reporter-output>
          </reporter-output>
        </test-method> <!-- tearDown -->
        <test-method status="PASS" signature="collectReport(org.testng.ITestResult)[pri:0, instance:com.automation.testcases.AltoroFirstTestCase@6b09bb57]" name="collectReport" is-config="true" duration-ms="0" started-at="2018-08-06T17:15:28Z" finished-at="2018-08-06T17:15:28Z">
          <params>
            <param index="0">
              <value>
                <![CDATA[[TestResult name=testAccountBalanceFromExcel status=FAILURE method=AltoroFirstTestCase.testAccountBalanceFromExcel(java.util.Map)[pri:0, instance:com.automation.testcases.AltoroFirstTestCase@6b09bb57] output={null}]]]>
              </value>
            </param>
          </params>
          <reporter-output>
          </reporter-output>
        </test-method> <!-- collectReport -->
        <test-method status="PASS" signature="tearDown()[pri:0, instance:com.automation.testcases.AltoroFirstTestCase@6b09bb57]" name="tearDown" is-config="true" duration-ms="1636" started-at="2018-08-06T17:15:28Z" finished-at="2018-08-06T17:15:30Z">
          <reporter-output>
          </reporter-output>
        </test-method> <!-- tearDown -->
        <test-method status="PASS" signature="collectReport(org.testng.ITestResult)[pri:0, instance:com.automation.testcases.AltoroFirstTestCase@6b09bb57]" name="collectReport" is-config="true" duration-ms="1" started-at="2018-08-06T17:15:28Z" finished-at="2018-08-06T17:15:28Z">
          <params>
            <param index="0">
              <value>
                <![CDATA[[TestResult name=testAccountBalance status=FAILURE method=AltoroFirstTestCase.testAccountBalance(java.lang.String, java.lang.String, java.lang.String, java.lang.String)[pri:0, instance:com.automation.testcases.AltoroFirstTestCase@6b09bb57] output={null}]]]>
              </value>
            </param>
          </params>
          <reporter-output>
          </reporter-output>
        </test-method> <!-- collectReport -->
        <test-method status="PASS" signature="tearDown()[pri:0, instance:com.automation.testcases.AltoroFirstTestCase@6b09bb57]" name="tearDown" is-config="true" duration-ms="1673" started-at="2018-08-06T17:15:28Z" finished-at="2018-08-06T17:15:30Z">
          <reporter-output>
          </reporter-output>
        </test-method> <!-- tearDown -->
        <test-method status="PASS" signature="beforeMethod()[pri:0, instance:com.automation.testcases.AltoroFirstTestCase@6b09bb57]" name="beforeMethod" is-config="true" duration-ms="7199" started-at="2018-08-06T17:15:30Z" finished-at="2018-08-06T17:15:37Z">
          <reporter-output>
          </reporter-output>
        </test-method> <!-- beforeMethod -->
        <test-method status="PASS" signature="openAMHomePage()[pri:0, instance:com.automation.testcases.AltoroFirstTestCase@6b09bb57]" name="openAMHomePage" is-config="true" duration-ms="1984" started-at="2018-08-06T17:15:37Z" finished-at="2018-08-06T17:15:39Z">
          <reporter-output>
          </reporter-output>
        </test-method> <!-- openAMHomePage -->
        <test-method status="FAIL" signature="testAccountBalance(java.lang.String, java.lang.String, java.lang.String, java.lang.String)[pri:0, instance:com.automation.testcases.AltoroFirstTestCase@6b09bb57]" name="testAccountBalance" duration-ms="2489" started-at="2018-08-06T17:15:39Z" data-provider="dpUnamePassAccExpBal" finished-at="2018-08-06T17:15:42Z">
          <params>
            <param index="0">
              <value>
                <![CDATA[jsmith]]>
              </value>
            </param>
            <param index="1">
              <value>
                <![CDATA[demo1234]]>
              </value>
            </param>
            <param index="2">
              <value>
                <![CDATA[1001160141 Savings]]>
              </value>
            </param>
            <param index="3">
              <value>
                <![CDATA[3000]]>
              </value>
            </param>
          </params>
          <exception class="java.lang.AssertionError">
            <message>
              <![CDATA[Account balance did not match. expected [3000] but found [-702]]]>
            </message>
            <full-stacktrace>
              <![CDATA[java.lang.AssertionError: Account balance did not match. expected [3000] but found [-702]
at org.testng.Assert.fail(Assert.java:96)
at org.testng.Assert.failNotEquals(Assert.java:776)
at org.testng.Assert.assertEqualsImpl(Assert.java:137)
at org.testng.Assert.assertEquals(Assert.java:118)
at org.testng.Assert.assertEquals(Assert.java:453)
at com.automation.testcases.AltoroFirstTestCase.testAccountBalance(AltoroFirstTestCase.java:38)
at sun.reflect.NativeMethodAccessorImpl.invoke0(Native Method)
at sun.reflect.NativeMethodAccessorImpl.invoke(NativeMethodAccessorImpl.java:62)
at sun.reflect.DelegatingMethodAccessorImpl.invoke(DelegatingMethodAccessorImpl.java:43)
at java.lang.reflect.Method.invoke(Method.java:498)
at org.testng.internal.MethodInvocationHelper.invokeMethod(MethodInvocationHelper.java:124)
at org.testng.internal.Invoker.invokeMethod(Invoker.java:583)
at org.testng.internal.Invoker.invokeTestMethod(Invoker.java:719)
at org.testng.internal.Invoker.invokeTestMethods(Invoker.java:989)
at org.testng.internal.TestMethodWorker.invokeTestMethods(TestMethodWorker.java:125)
at org.testng.internal.TestMethodWorker.run(TestMethodWorker.java:109)
at java.util.concurrent.ThreadPoolExecutor.runWorker(ThreadPoolExecutor.java:1149)
at java.util.concurrent.ThreadPoolExecutor$Worker.run(ThreadPoolExecutor.java:624)
at java.lang.Thread.run(Thread.java:748)
]]>
            </full-stacktrace>
          </exception> <!-- java.lang.AssertionError -->
          <reporter-output>
          </reporter-output>
        </test-method> <!-- testAccountBalance -->
        <test-method status="PASS" signature="collectReport(org.testng.ITestResult)[pri:0, instance:com.automation.testcases.AltoroFirstTestCase@6b09bb57]" name="collectReport" is-config="true" duration-ms="1" started-at="2018-08-06T17:15:42Z" finished-at="2018-08-06T17:15:42Z">
          <params>
            <param index="0">
              <value>
                <![CDATA[[TestResult name=testAccountBalance status=FAILURE method=AltoroFirstTestCase.testAccountBalance(java.lang.String, java.lang.String, java.lang.String, java.lang.String)[pri:0, instance:com.automation.testcases.AltoroFirstTestCase@6b09bb57] output={null}]]]>
              </value>
            </param>
          </params>
          <reporter-output>
          </reporter-output>
        </test-method> <!-- collectReport -->
        <test-method status="PASS" signature="tearDown()[pri:0, instance:com.automation.testcases.AltoroFirstTestCase@6b09bb57]" name="tearDown" is-config="true" duration-ms="1078" started-at="2018-08-06T17:15:42Z" finished-at="2018-08-06T17:15:43Z">
          <reporter-output>
          </reporter-output>
        </test-method> <!-- tearDown -->
        <test-method status="PASS" signature="collectReport(org.testng.ITestResult)[pri:0, instance:com.automation.testcases.AltoroFirstTestCase@6b09bb57]" name="collectReport" is-config="true" duration-ms="0" started-at="2018-08-06T17:15:45Z" finished-at="2018-08-06T17:15:45Z">
          <params>
            <param index="0">
              <value>
                <![CDATA[[TestResult name=testAccountBalanceFromExcel status=FAILURE method=AltoroFirstTestCase.testAccountBalanceFromExcel(java.util.Map)[pri:0, instance:com.automation.testcases.AltoroFirstTestCase@6b09bb57] output={null}]]]>
              </value>
            </param>
          </params>
          <reporter-output>
          </reporter-output>
        </test-method> <!-- collectReport -->
        <test-method status="PASS" signature="tearDown()[pri:0, instance:com.automation.testcases.AltoroFirstTestCase@6b09bb57]" name="tearDown" is-config="true" duration-ms="1433" started-at="2018-08-06T17:15:45Z" finished-at="2018-08-06T17:15:46Z">
          <reporter-output>
          </reporter-output>
        </test-method> <!-- tearDown -->
        <test-method status="PASS" signature="saveResult()[pri:0, instance:com.automation.testcases.AltoroFirstTestCase@6b09bb57]" name="saveResult" is-config="true" duration-ms="194" started-at="2018-08-06T17:15:46Z" finished-at="2018-08-06T17:15:46Z">
          <reporter-output>
          </reporter-output>
        </test-method> <!-- saveResult -->
      </class> <!-- com.automation.testcases.AltoroFirstTestCase -->
    </test> <!-- Altoro tests -->
  </suite> <!-- Altoro Suite -->
</testng-results>
