<?xml version="1.0" encoding="UTF-8"?>
<!-- Generated by org.testng.reporters.JUnitReportReporter -->
<testsuite skipped="0" hostname="PU-NB-MSIN" name="com.automation.testcases.AmazonFirstTestCase" tests="4" failures="1" timestamp="26 Jul 2018 07:47:58 GMT" time="357.990" errors="0">
  <testcase name="testSearchProductOne" time="95.929" classname="com.automation.testcases.AmazonFirstTestCase"/>
  <testcase name="testSearchProductTwo" time="90.819" classname="com.automation.testcases.AmazonFirstTestCase">
    <failure type="java.lang.AssertionError" message="Text result do not match expected [Showing results in Electronics.Show instead results in All Categories.] but found [Redmi Y2 | 16MP AI-selfie | Starting ₹9,999
Sale on 31st July, 12 PM | Learn more
Showing results in Electronics.Show instead results in All Categories.]">
      <![CDATA[java.lang.AssertionError: Text result do not match expected [Showing results in Electronics.Show instead results in All Categories.] but found [Redmi Y2 | 16MP AI-selfie | Starting ₹9,999
Sale on 31st July, 12 PM | Learn more
Showing results in Electronics.Show instead results in All Categories.]
at org.testng.Assert.fail(Assert.java:96)
at org.testng.Assert.failNotEquals(Assert.java:776)
at org.testng.Assert.assertEqualsImpl(Assert.java:137)
at org.testng.Assert.assertEquals(Assert.java:118)
at org.testng.Assert.assertEquals(Assert.java:453)
at com.automation.testcases.AmazonFirstTestCase.testSearchProductTwo(AmazonFirstTestCase.java:33)
at sun.reflect.NativeMethodAccessorImpl.invoke0(Native Method)
at sun.reflect.NativeMethodAccessorImpl.invoke(NativeMethodAccessorImpl.java:62)
at sun.reflect.DelegatingMethodAccessorImpl.invoke(DelegatingMethodAccessorImpl.java:43)
at java.lang.reflect.Method.invoke(Method.java:498)
at org.testng.internal.MethodInvocationHelper.invokeMethod(MethodInvocationHelper.java:124)
at org.testng.internal.Invoker.invokeMethod(Invoker.java:583)
at org.testng.internal.Invoker.invokeTestMethod(Invoker.java:719)
at org.testng.internal.Invoker.invokeTestMethods(Invoker.java:989)
at org.testng.internal.TestMethodWorker.invokeTestMethods(TestMethodWorker.java:125)
at org.testng.internal.TestMethodWorker.run(TestMethodWorker.java:109)
at java.util.concurrent.ThreadPoolExecutor.runWorker(ThreadPoolExecutor.java:1149)
at java.util.concurrent.ThreadPoolExecutor$Worker.run(ThreadPoolExecutor.java:624)
at java.lang.Thread.run(Thread.java:748)
]]>
    </failure>
  </testcase> <!-- testSearchProductTwo -->
  <testcase name="testSearchProductFour" time="95.622" classname="com.automation.testcases.AmazonFirstTestCase"/>
  <testcase name="testSearchProductThree" time="75.620" classname="com.automation.testcases.AmazonFirstTestCase"/>
</testsuite> <!-- com.automation.testcases.AmazonFirstTestCase -->
